C:\GITHUB\DOUNGENGENERATOR\DOUNGENGENERATOR\CLR DEBUG\TILE.OBJ
C:\GITHUB\DOUNGENGENERATOR\DOUNGENGENERATOR\CLR DEBUG\ROOM.OBJ
C:\GITHUB\DOUNGENGENERATOR\DOUNGENGENERATOR\CLR DEBUG\REGION.OBJ
C:\GITHUB\DOUNGENGENERATOR\DOUNGENGENERATOR\CLR DEBUG\MAP.OBJ
C:\GITHUB\DOUNGENGENERATOR\DOUNGENGENERATOR\CLR DEBUG\MAIN.OBJ
C:\GITHUB\DOUNGENGENERATOR\DOUNGENGENERATOR\CLR DEBUG\VC110.PDB
C:\GITHUB\DOUNGENGENERATOR\DOUNGENGENERATOR\CLR DEBUG\CORRIDOR.OBJ
C:\GITHUB\DOUNGENGENERATOR\CLR DEBUG\DOUNGENGENERATOR.ILK
C:\GITHUB\DOUNGENGENERATOR\CLR DEBUG\DOUNGENGENERATOR.EXE
C:\GITHUB\DOUNGENGENERATOR\CLR DEBUG\DOUNGENGENERATOR.PDB
C:\GitHub\DoungenGenerator\DoungenGenerator\CLR Debug\corridor.obj
C:\GitHub\DoungenGenerator\DoungenGenerator\CLR Debug\main.obj
C:\GitHub\DoungenGenerator\DoungenGenerator\CLR Debug\map.obj
C:\GitHub\DoungenGenerator\DoungenGenerator\CLR Debug\region.obj
C:\GitHub\DoungenGenerator\DoungenGenerator\CLR Debug\room.obj
C:\GitHub\DoungenGenerator\DoungenGenerator\CLR Debug\tile.obj
C:\GitHub\DoungenGenerator\DoungenGenerator\CLR Debug\cl.command.1.tlog
C:\GitHub\DoungenGenerator\DoungenGenerator\CLR Debug\CL.read.1.tlog
C:\GitHub\DoungenGenerator\DoungenGenerator\CLR Debug\cl.write.1.tlog
C:\GitHub\DoungenGenerator\DoungenGenerator\CLR Debug\link.4492-cvtres.read.1.tlog
C:\GitHub\DoungenGenerator\DoungenGenerator\CLR Debug\link.4492-cvtres.write.1.tlog
C:\GitHub\DoungenGenerator\DoungenGenerator\CLR Debug\link.4492-rc.read.1.tlog
C:\GitHub\DoungenGenerator\DoungenGenerator\CLR Debug\link.4492-rc.write.1.tlog
C:\GitHub\DoungenGenerator\DoungenGenerator\CLR Debug\link.4492.read.1.tlog
C:\GitHub\DoungenGenerator\DoungenGenerator\CLR Debug\link.4492.write.1.tlog
C:\GitHub\DoungenGenerator\DoungenGenerator\CLR Debug\link.6380-cvtres.read.1.tlog
C:\GitHub\DoungenGenerator\DoungenGenerator\CLR Debug\link.6380-cvtres.write.1.tlog
C:\GitHub\DoungenGenerator\DoungenGenerator\CLR Debug\link.6380-rc.read.1.tlog
C:\GitHub\DoungenGenerator\DoungenGenerator\CLR Debug\link.6380-rc.write.1.tlog
C:\GitHub\DoungenGenerator\DoungenGenerator\CLR Debug\link.6380.read.1.tlog
C:\GitHub\DoungenGenerator\DoungenGenerator\CLR Debug\link.6380.write.1.tlog
C:\GitHub\DoungenGenerator\DoungenGenerator\CLR Debug\link.6444-cvtres.read.1.tlog
C:\GitHub\DoungenGenerator\DoungenGenerator\CLR Debug\link.6444-cvtres.write.1.tlog
C:\GitHub\DoungenGenerator\DoungenGenerator\CLR Debug\link.6444-rc.read.1.tlog
C:\GitHub\DoungenGenerator\DoungenGenerator\CLR Debug\link.6444-rc.write.1.tlog
C:\GitHub\DoungenGenerator\DoungenGenerator\CLR Debug\link.6444.read.1.tlog
C:\GitHub\DoungenGenerator\DoungenGenerator\CLR Debug\link.6444.write.1.tlog
C:\GitHub\DoungenGenerator\DoungenGenerator\CLR Debug\link.command.1.tlog
C:\GitHub\DoungenGenerator\DoungenGenerator\CLR Debug\link.read.1.tlog
C:\GitHub\DoungenGenerator\DoungenGenerator\CLR Debug\link.write.1.tlog
C:\GitHub\DoungenGenerator\CLR Debug\DoungenGenerator.pdb
C:\GitHub\DoungenGenerator\CLR Debug\DoungenGenerator.exe
C:\GitHub\DoungenGenerator\CLR Debug\DoungenGenerator.ilk
