Build started 30.01.2015 08:53:10.
     1>Project "C:\GitHub\DoungenGenerator\DoungenGenerator\DoungenGenerator.vcxproj" on node 2 (Rebuild target(s)).
     1>ClCompile:
         C:\Program Files (x86)\Microsoft Visual Studio 14.0\VC\bin\CL.exe /c /nologo /W3 /WX- /Od /Oy- /D WIN32 /D _DEBUG /D _WINDOWS /D _USRDLL /D DOUNGENGENERATOR_EXPORTS /D _WINDLL /D _UNICODE /D UNICODE /Gm- /EHa /MDd /GS /fp:precise /Zc:wchar_t /Zc:forScope /Fo"CLR Debug\\" /Fd"CLR Debug\vc140.pdb" /Gd /TP /analyze- /errorReport:prompt /clr DounGenerator.cpp main.cpp map.cpp region.cpp room.cpp tile.cpp
         DounGenerator.cpp
         main.cpp
         map.cpp
         region.cpp
         room.cpp
         tile.cpp
         Generating Code...
         C:\Program Files (x86)\Microsoft Visual Studio 14.0\VC\bin\CL.exe /c /nologo /W3 /WX- /Od /Oy- /D WIN32 /D _DEBUG /D _WINDOWS /D _USRDLL /D DOUNGENGENERATOR_EXPORTS /D _WINDLL /D _UNICODE /D UNICODE /Gm- /EHa /MDd /GS /fp:precise /Zc:wchar_t /Zc:forScope /Fo"CLR Debug\\" /Fd"CLR Debug\vc140.pdb" /Gd /TP /analyze- /errorReport:prompt /clr /LD /clr corridor.cpp
         corridor.cpp
       Link:
         C:\Program Files (x86)\Microsoft Visual Studio 14.0\VC\bin\link.exe /ERRORREPORT:PROMPT /OUT:"C:\GitHub\DoungenGenerator\CLR Debug\DoungenGenerator.dll" /INCREMENTAL /NOLOGO kernel32.lib user32.lib gdi32.lib winspool.lib comdlg32.lib advapi32.lib shell32.lib ole32.lib oleaut32.lib uuid.lib odbc32.lib odbccp32.lib /MANIFEST /MANIFESTUAC:"level='asInvoker' uiAccess='false'" /manifest:embed /Debug /PDB:"C:\GitHub\DoungenGenerator\CLR Debug\DoungenGenerator.pdb" /SUBSYSTEM:CONSOLE /TLBID:1 /DYNAMICBASE /NXCOMPAT /IMPLIB:"C:\GitHub\DoungenGenerator\CLR Debug\DoungenGenerator.lib" /MACHINE:X86 /DLL "CLR Debug\DounGenerator.obj"
         "CLR Debug\main.obj"
         "CLR Debug\map.obj"
         "CLR Debug\corridor.obj"
         "CLR Debug\region.obj"
         "CLR Debug\room.obj"
         "CLR Debug\tile.obj"
         DoungenGenerator.vcxproj -> C:\GitHub\DoungenGenerator\CLR Debug\DoungenGenerator.dll
     1>Done Building Project "C:\GitHub\DoungenGenerator\DoungenGenerator\DoungenGenerator.vcxproj" (Rebuild target(s)).

Build succeeded.

Time Elapsed 00:00:06.75
