C:\GITHUB\DOUNGENGENERATOR\DOUNGENGENERATOR\DEBUG\REGIONS.OBJ
C:\GITHUB\DOUNGENGENERATOR\DOUNGENGENERATOR\DEBUG\VC110.PDB
C:\GITHUB\DOUNGENGENERATOR\DOUNGENGENERATOR\DEBUG\MAIN.OBJ
C:\GITHUB\DOUNGENGENERATOR\DOUNGENGENERATOR\DEBUG\MAP.OBJ
C:\GITHUB\DOUNGENGENERATOR\DOUNGENGENERATOR\DEBUG\MAZE_GEN.OBJ
C:\GITHUB\DOUNGENGENERATOR\DOUNGENGENERATOR\DEBUG\ROOM.OBJ
C:\GITHUB\DOUNGENGENERATOR\DOUNGENGENERATOR\DEBUG\REGION.OBJ
C:\GITHUB\DOUNGENGENERATOR\DOUNGENGENERATOR\DEBUG\TILE.OBJ
C:\GITHUB\DOUNGENGENERATOR\DEBUG\DOUNGENGENERATOR.ILK
C:\GITHUB\DOUNGENGENERATOR\DEBUG\DOUNGENGENERATOR.EXE
C:\GITHUB\DOUNGENGENERATOR\DEBUG\DOUNGENGENERATOR.PDB
C:\GitHub\DoungenGenerator\DoungenGenerator\Debug\main.obj
C:\GitHub\DoungenGenerator\DoungenGenerator\Debug\map.obj
C:\GitHub\DoungenGenerator\DoungenGenerator\Debug\maze_gen.obj
C:\GitHub\DoungenGenerator\DoungenGenerator\Debug\region.obj
C:\GitHub\DoungenGenerator\DoungenGenerator\Debug\regions.obj
C:\GitHub\DoungenGenerator\DoungenGenerator\Debug\room.obj
C:\GitHub\DoungenGenerator\DoungenGenerator\Debug\tile.obj
C:\GitHub\DoungenGenerator\DoungenGenerator\Debug\cl.command.1.tlog
C:\GitHub\DoungenGenerator\DoungenGenerator\Debug\CL.read.1.tlog
C:\GitHub\DoungenGenerator\DoungenGenerator\Debug\CL.write.1.tlog
C:\GitHub\DoungenGenerator\DoungenGenerator\Debug\link-cvtres.read.1.tlog
C:\GitHub\DoungenGenerator\DoungenGenerator\Debug\link-cvtres.write.1.tlog
C:\GitHub\DoungenGenerator\DoungenGenerator\Debug\link-rc.read.1.tlog
C:\GitHub\DoungenGenerator\DoungenGenerator\Debug\link-rc.write.1.tlog
C:\GitHub\DoungenGenerator\DoungenGenerator\Debug\link.1216-cvtres.read.1.tlog
C:\GitHub\DoungenGenerator\DoungenGenerator\Debug\link.1216-cvtres.write.1.tlog
C:\GitHub\DoungenGenerator\DoungenGenerator\Debug\link.1216-rc.read.1.tlog
C:\GitHub\DoungenGenerator\DoungenGenerator\Debug\link.1216-rc.write.1.tlog
C:\GitHub\DoungenGenerator\DoungenGenerator\Debug\link.1216.read.1.tlog
C:\GitHub\DoungenGenerator\DoungenGenerator\Debug\link.1216.write.1.tlog
C:\GitHub\DoungenGenerator\DoungenGenerator\Debug\link.1372-cvtres.read.1.tlog
C:\GitHub\DoungenGenerator\DoungenGenerator\Debug\link.1372-cvtres.write.1.tlog
C:\GitHub\DoungenGenerator\DoungenGenerator\Debug\link.1372-rc.read.1.tlog
C:\GitHub\DoungenGenerator\DoungenGenerator\Debug\link.1372-rc.write.1.tlog
C:\GitHub\DoungenGenerator\DoungenGenerator\Debug\link.1372.read.1.tlog
C:\GitHub\DoungenGenerator\DoungenGenerator\Debug\link.1372.write.1.tlog
C:\GitHub\DoungenGenerator\DoungenGenerator\Debug\link.2296-cvtres.read.1.tlog
C:\GitHub\DoungenGenerator\DoungenGenerator\Debug\link.2296-cvtres.write.1.tlog
C:\GitHub\DoungenGenerator\DoungenGenerator\Debug\link.2296-rc.read.1.tlog
C:\GitHub\DoungenGenerator\DoungenGenerator\Debug\link.2296-rc.write.1.tlog
C:\GitHub\DoungenGenerator\DoungenGenerator\Debug\link.2296.read.1.tlog
C:\GitHub\DoungenGenerator\DoungenGenerator\Debug\link.2296.write.1.tlog
C:\GitHub\DoungenGenerator\DoungenGenerator\Debug\link.2540-cvtres.read.1.tlog
C:\GitHub\DoungenGenerator\DoungenGenerator\Debug\link.2540-cvtres.write.1.tlog
C:\GitHub\DoungenGenerator\DoungenGenerator\Debug\link.2540-rc.read.1.tlog
C:\GitHub\DoungenGenerator\DoungenGenerator\Debug\link.2540-rc.write.1.tlog
C:\GitHub\DoungenGenerator\DoungenGenerator\Debug\link.2540.read.1.tlog
C:\GitHub\DoungenGenerator\DoungenGenerator\Debug\link.2540.write.1.tlog
C:\GitHub\DoungenGenerator\DoungenGenerator\Debug\link.2724-cvtres.read.1.tlog
C:\GitHub\DoungenGenerator\DoungenGenerator\Debug\link.2724-cvtres.write.1.tlog
C:\GitHub\DoungenGenerator\DoungenGenerator\Debug\link.2724-rc.read.1.tlog
C:\GitHub\DoungenGenerator\DoungenGenerator\Debug\link.2724-rc.write.1.tlog
C:\GitHub\DoungenGenerator\DoungenGenerator\Debug\link.2724.read.1.tlog
C:\GitHub\DoungenGenerator\DoungenGenerator\Debug\link.2724.write.1.tlog
C:\GitHub\DoungenGenerator\DoungenGenerator\Debug\link.3176-cvtres.read.1.tlog
C:\GitHub\DoungenGenerator\DoungenGenerator\Debug\link.3176-cvtres.write.1.tlog
C:\GitHub\DoungenGenerator\DoungenGenerator\Debug\link.3176-rc.read.1.tlog
C:\GitHub\DoungenGenerator\DoungenGenerator\Debug\link.3176-rc.write.1.tlog
C:\GitHub\DoungenGenerator\DoungenGenerator\Debug\link.3176.read.1.tlog
C:\GitHub\DoungenGenerator\DoungenGenerator\Debug\link.3176.write.1.tlog
C:\GitHub\DoungenGenerator\DoungenGenerator\Debug\link.3680-cvtres.read.1.tlog
C:\GitHub\DoungenGenerator\DoungenGenerator\Debug\link.3680-cvtres.write.1.tlog
C:\GitHub\DoungenGenerator\DoungenGenerator\Debug\link.3680-rc.read.1.tlog
C:\GitHub\DoungenGenerator\DoungenGenerator\Debug\link.3680-rc.write.1.tlog
C:\GitHub\DoungenGenerator\DoungenGenerator\Debug\link.3680.read.1.tlog
C:\GitHub\DoungenGenerator\DoungenGenerator\Debug\link.3680.write.1.tlog
C:\GitHub\DoungenGenerator\DoungenGenerator\Debug\link.3776-cvtres.read.1.tlog
C:\GitHub\DoungenGenerator\DoungenGenerator\Debug\link.3776-cvtres.write.1.tlog
C:\GitHub\DoungenGenerator\DoungenGenerator\Debug\link.3776-rc.read.1.tlog
C:\GitHub\DoungenGenerator\DoungenGenerator\Debug\link.3776-rc.write.1.tlog
C:\GitHub\DoungenGenerator\DoungenGenerator\Debug\link.3776.read.1.tlog
C:\GitHub\DoungenGenerator\DoungenGenerator\Debug\link.3776.write.1.tlog
C:\GitHub\DoungenGenerator\DoungenGenerator\Debug\link.4116-cvtres.read.1.tlog
C:\GitHub\DoungenGenerator\DoungenGenerator\Debug\link.4116-cvtres.write.1.tlog
C:\GitHub\DoungenGenerator\DoungenGenerator\Debug\link.4116-rc.read.1.tlog
C:\GitHub\DoungenGenerator\DoungenGenerator\Debug\link.4116-rc.write.1.tlog
C:\GitHub\DoungenGenerator\DoungenGenerator\Debug\link.4116.read.1.tlog
C:\GitHub\DoungenGenerator\DoungenGenerator\Debug\link.4116.write.1.tlog
C:\GitHub\DoungenGenerator\DoungenGenerator\Debug\link.4572-cvtres.read.1.tlog
C:\GitHub\DoungenGenerator\DoungenGenerator\Debug\link.4572-cvtres.write.1.tlog
C:\GitHub\DoungenGenerator\DoungenGenerator\Debug\link.4572-rc.read.1.tlog
C:\GitHub\DoungenGenerator\DoungenGenerator\Debug\link.4572-rc.write.1.tlog
C:\GitHub\DoungenGenerator\DoungenGenerator\Debug\link.4572.read.1.tlog
C:\GitHub\DoungenGenerator\DoungenGenerator\Debug\link.4572.write.1.tlog
C:\GitHub\DoungenGenerator\DoungenGenerator\Debug\link.4828-cvtres.read.1.tlog
C:\GitHub\DoungenGenerator\DoungenGenerator\Debug\link.4828-cvtres.write.1.tlog
C:\GitHub\DoungenGenerator\DoungenGenerator\Debug\link.4828-rc.read.1.tlog
C:\GitHub\DoungenGenerator\DoungenGenerator\Debug\link.4828-rc.write.1.tlog
C:\GitHub\DoungenGenerator\DoungenGenerator\Debug\link.4828.read.1.tlog
C:\GitHub\DoungenGenerator\DoungenGenerator\Debug\link.4828.write.1.tlog
C:\GitHub\DoungenGenerator\DoungenGenerator\Debug\link.5608-cvtres.read.1.tlog
C:\GitHub\DoungenGenerator\DoungenGenerator\Debug\link.5608-cvtres.write.1.tlog
C:\GitHub\DoungenGenerator\DoungenGenerator\Debug\link.5608-rc.read.1.tlog
C:\GitHub\DoungenGenerator\DoungenGenerator\Debug\link.5608-rc.write.1.tlog
C:\GitHub\DoungenGenerator\DoungenGenerator\Debug\link.5608.read.1.tlog
C:\GitHub\DoungenGenerator\DoungenGenerator\Debug\link.5608.write.1.tlog
C:\GitHub\DoungenGenerator\DoungenGenerator\Debug\link.command.1.tlog
C:\GitHub\DoungenGenerator\DoungenGenerator\Debug\link.read.1.tlog
C:\GitHub\DoungenGenerator\DoungenGenerator\Debug\link.write.1.tlog
C:\GitHub\DoungenGenerator\DoungenGenerator\Debug\vc110.idb
C:\GitHub\DoungenGenerator\DoungenGenerator\Debug\vc110.pdb
C:\GitHub\DoungenGenerator\Debug\DoungenGenerator.pdb
C:\GitHub\DoungenGenerator\Debug\DoungenGenerator.exe
C:\GitHub\DoungenGenerator\Debug\DoungenGenerator.ilk
