Build started 26.12.2014 15:23:12.
     1>Project "E:\GitHub\DoungenGenerator\DoungenGenerator\DoungenGenerator.vcxproj" on node 2 (Build target(s)).
     1>ClCompile:
         E:\Programs\Microsoft Visual Studio 11.0\VC\bin\CL.exe /c /ZI /nologo /W3 /WX- /Od /Oy- /D WIN32 /D _DEBUG /D _WINDOWS /D _USRDLL /D DOUNGENGENERATOR_EXPORTS /D _UNICODE /D UNICODE /Gm /EHsc /RTC1 /MDd /GS /fp:precise /Zc:wchar_t /Zc:forScope /Fo"Debug\\" /Fd"Debug\vc110.pdb" /Gd /TP /analyze- /errorReport:prompt corridor.cpp main.cpp map.cpp region.cpp room.cpp tile.cpp
         map.cpp
         main.cpp
     1>e:\github\doungengenerator\doungengenerator\main.cpp(9): warning C4244: 'argument' : conversion from 'time_t' to 'unsigned long', possible loss of data
         corridor.cpp
         Generating Code...
         Skipping... (no relevant changes detected)
         tile.cpp
         room.cpp
         region.cpp
       Link:
         E:\Programs\Microsoft Visual Studio 11.0\VC\bin\link.exe /ERRORREPORT:PROMPT /OUT:"E:\GitHub\DoungenGenerator\Debug\DoungenGenerator.exe" /INCREMENTAL /NOLOGO kernel32.lib user32.lib gdi32.lib winspool.lib comdlg32.lib advapi32.lib shell32.lib ole32.lib oleaut32.lib uuid.lib odbc32.lib odbccp32.lib /MANIFEST /MANIFESTUAC:"level='asInvoker' uiAccess='false'" /manifest:embed /DEBUG /PDB:"E:\GitHub\DoungenGenerator\Debug\DoungenGenerator.pdb" /SUBSYSTEM:CONSOLE /TLBID:1 /DYNAMICBASE /NXCOMPAT /IMPLIB:"E:\GitHub\DoungenGenerator\Debug\DoungenGenerator.lib" /MACHINE:X86 Debug\main.obj
         Debug\map.obj
         Debug\corridor.obj
         Debug\region.obj
         Debug\room.obj
         Debug\tile.obj
         DoungenGenerator.vcxproj -> E:\GitHub\DoungenGenerator\Debug\DoungenGenerator.exe
     1>Done Building Project "E:\GitHub\DoungenGenerator\DoungenGenerator\DoungenGenerator.vcxproj" (Build target(s)).

Build succeeded.

Time Elapsed 00:00:01.91
